{"uuid":"781837ff-8190-4fc5-aaf4-96156c5abe9d","historyId":"a504453c70ac30a53f4d95166b6f66e0","fullName":"GoogleTest.GoogleTest.checkThirdResult","labels":[{"name":"package","value":"GoogleTest.GoogleTest"},{"name":"testClass","value":"GoogleTest.GoogleTest"},{"name":"testMethod","value":"checkThirdResult"},{"name":"parentSuite","value":"SHAFT: Custom Suite"},{"name":"suite","value":"SHAFT: Custom Test"},{"name":"subSuite","value":"GoogleTest.GoogleTest"},{"name":"host","value":"DESKTOP-6H7PVT2"},{"name":"thread","value":"2856@DESKTOP-6H7PVT2.main(1)"},{"name":"framework","value":"testng"},{"name":"language","value":"java"}],"links":[],"name":"checkThirdResult","status":"failed","statusDetails":{"known":false,"muted":false,"flaky":false,"message":"Assertion [ValidateEquals] FAILED. Expected [What is Selenium WebDriver?] and Actual [selenium webdriver download]. Comparison Type [EQUALS]. Validation Type [POSITIVE].","trace":"java.lang.AssertionError: Assertion [ValidateEquals] FAILED. Expected [What is Selenium WebDriver?] and Actual [selenium webdriver download]. Comparison Type [EQUALS]. Validation Type [POSITIVE].\r\n\tat org.testng.Assert.fail(Assert.java:99)\r\n\tat com.shaft.validation.ValidationHelper.reportValidationState(ValidationHelper.java:795)\r\n\tat com.shaft.validation.ValidationHelper.fail(ValidationHelper.java:558)\r\n\tat com.shaft.validation.ValidationHelper.validateEquals(ValidationHelper.java:67)\r\n\tat com.shaft.validation.Assertions.assertEquals(Assertions.java:38)\r\n\tat GoogleTest.GoogleTest.checkThirdResult(GoogleTest.java:22)\r\n\tat java.base/jdk.internal.reflect.NativeMethodAccessorImpl.invoke0(Native Method)\r\n\tat java.base/jdk.internal.reflect.NativeMethodAccessorImpl.invoke(NativeMethodAccessorImpl.java:77)\r\n\tat java.base/jdk.internal.reflect.DelegatingMethodAccessorImpl.invoke(DelegatingMethodAccessorImpl.java:43)\r\n\tat java.base/java.lang.reflect.Method.invoke(Method.java:568)\r\n\tat org.testng.internal.MethodInvocationHelper.invokeMethod(MethodInvocationHelper.java:133)\r\n\tat org.testng.internal.TestInvoker.invokeMethod(TestInvoker.java:598)\r\n\tat org.testng.internal.TestInvoker.invokeTestMethod(TestInvoker.java:173)\r\n\tat org.testng.internal.MethodRunner.runInSequence(MethodRunner.java:46)\r\n\tat org.testng.internal.TestInvoker$MethodInvocationAgent.invoke(TestInvoker.java:824)\r\n\tat org.testng.internal.TestInvoker.invokeTestMethods(TestInvoker.java:146)\r\n\tat org.testng.internal.TestMethodWorker.invokeTestMethods(TestMethodWorker.java:146)\r\n\tat org.testng.internal.TestMethodWorker.run(TestMethodWorker.java:128)\r\n\tat java.base/java.util.ArrayList.forEach(ArrayList.java:1511)\r\n\tat org.testng.TestRunner.privateRun(TestRunner.java:794)\r\n\tat org.testng.TestRunner.run(TestRunner.java:596)\r\n\tat org.testng.SuiteRunner.runTest(SuiteRunner.java:377)\r\n\tat org.testng.SuiteRunner.runSequentially(SuiteRunner.java:371)\r\n\tat org.testng.SuiteRunner.privateRun(SuiteRunner.java:332)\r\n\tat org.testng.SuiteRunner.run(SuiteRunner.java:276)\r\n\tat org.testng.SuiteRunnerWorker.runSuite(SuiteRunnerWorker.java:53)\r\n\tat org.testng.SuiteRunnerWorker.run(SuiteRunnerWorker.java:96)\r\n\tat org.testng.TestNG.runSuitesSequentially(TestNG.java:1212)\r\n\tat org.testng.TestNG.runSuitesLocally(TestNG.java:1134)\r\n\tat org.testng.TestNG.runSuites(TestNG.java:1063)\r\n\tat org.testng.TestNG.run(TestNG.java:1031)\r\n\tat org.testng.remote.AbstractRemoteTestNG.run(AbstractRemoteTestNG.java:115)\r\n\tat org.testng.remote.RemoteTestNG.initAndRun(RemoteTestNG.java:251)\r\n\tat org.testng.remote.RemoteTestNG.main(RemoteTestNG.java:77)\r\n"},"stage":"finished","steps":[{"name":"Element Action [Type] successfully performed. With the following test data [selenium webdriver].","status":"passed","stage":"finished","steps":[],"attachments":[],"parameters":[{"name":"actionCounter","value":"6"},{"name":"logText","value":"Element Action [Type] successfully performed. With the following test data [selenium webdriver]."}],"start":1636802204499,"stop":1636802204518},{"name":"Element Action [GetText] successfully performed. With the following test data [selenium webdriver download].","status":"passed","stage":"finished","steps":[],"attachments":[],"parameters":[{"name":"actionCounter","value":"7"},{"name":"logText","value":"Element Action [GetText] successfully performed. With the following test data [selenium webdriver download]."}],"start":1636802205206,"stop":1636802205208},{"name":"Assertion [ValidateEquals] FAILED. Expected [What is Selenium WebDriver?] and Actual [selenium webdriver download]. Comparison Type [EQUALS]. Validation Type [POSITIVE].","status":"passed","stage":"finished","steps":[],"attachments":[],"parameters":[{"name":"actionCounter","value":"8"},{"name":"logText","value":"Assertion [ValidateEquals] FAILED. Expected [What is Selenium WebDriver?] and Actual [selenium webdriver download]. Comparison Type [EQUALS]. Validation Type [POSITIVE]."},{"name":"attachments","value":"null"}],"start":1636802205238,"stop":1636802205239}],"attachments":[{"name":"Attachment: Animated Gif - checkThirdResult","source":"7989cbda-025a-4649-bda6-3e9d42d4e05f-attachment.gif","type":"image/gif"},{"name":"Attachment: SHAFT Engine Logs - Current Method log: checkThirdResult","source":"699b22e1-b743-4fe0-9345-7186300f0f22-attachment.txt","type":"text/plain"}],"parameters":[],"start":1636802202306,"stop":1636802205308}